[2024-09-08T13:01:55.728+0000] {manager.py:486} INFO - Processing files using up to 2 processes at a time 
[2024-09-08T13:01:55.729+0000] {manager.py:487} INFO - Process each file at most once every 30 seconds
[2024-09-08T13:01:55.729+0000] {manager.py:488} INFO - Checking for new files in /opt/airflow/dags every 300 seconds
[2024-09-08T13:01:55.729+0000] {manager.py:832} INFO - Searching for files in /opt/airflow/dags
[2024-09-08T13:01:55.731+0000] {manager.py:835} INFO - There are 1 files in /opt/airflow/dags
[2024-09-08T13:01:55.815+0000] {manager.py:1008} INFO - 
================================================================================
DAG File Processing Stats

File Path                          PID  Runtime      # DAGs    # Errors  Last Runtime    Last Run      Last # of DB Queries
-------------------------------  -----  ---------  --------  ----------  --------------  ----------  ----------------------
/opt/airflow/dags/spark-test.py     29  0.02s             0           0                                                   0
================================================================================
[2024-09-08T13:02:26.033+0000] {manager.py:1008} INFO - 
================================================================================
DAG File Processing Stats

File Path                          PID  Runtime      # DAGs    # Errors  Last Runtime    Last Run               Last # of DB Queries
-------------------------------  -----  ---------  --------  ----------  --------------  -------------------  ----------------------
/opt/airflow/dags/spark-test.py     36  0.01s             1           0  0.17s           2024-09-08T13:01:55                      12
================================================================================
[2024-09-08T13:02:56.351+0000] {manager.py:1008} INFO - 
================================================================================
DAG File Processing Stats

File Path                          PID  Runtime      # DAGs    # Errors  Last Runtime    Last Run               Last # of DB Queries
-------------------------------  -----  ---------  --------  ----------  --------------  -------------------  ----------------------
/opt/airflow/dags/spark-test.py     43  0.01s             1           0  0.16s           2024-09-08T13:02:26                      12
================================================================================
[2024-09-08T13:03:26.589+0000] {manager.py:1008} INFO - 
================================================================================
DAG File Processing Stats

File Path                          PID  Runtime      # DAGs    # Errors  Last Runtime    Last Run               Last # of DB Queries
-------------------------------  -----  ---------  --------  ----------  --------------  -------------------  ----------------------
/opt/airflow/dags/spark-test.py     50  0.00s             1           0  0.18s           2024-09-08T13:02:56                      12
================================================================================
[2024-09-08T13:03:56.930+0000] {manager.py:1008} INFO - 
================================================================================
DAG File Processing Stats

File Path                          PID  Runtime      # DAGs    # Errors  Last Runtime    Last Run               Last # of DB Queries
-------------------------------  -----  ---------  --------  ----------  --------------  -------------------  ----------------------
/opt/airflow/dags/spark-test.py     57  0.00s             1           0  0.19s           2024-09-08T13:03:26                      12
================================================================================
[2024-09-08T13:04:27.165+0000] {manager.py:1008} INFO - 
================================================================================
DAG File Processing Stats

File Path                          PID  Runtime      # DAGs    # Errors  Last Runtime    Last Run               Last # of DB Queries
-------------------------------  -----  ---------  --------  ----------  --------------  -------------------  ----------------------
/opt/airflow/dags/spark-test.py     64  0.00s             1           0  0.13s           2024-09-08T13:03:57                      12
================================================================================
